# JRE version: OpenJDK Runtime Environment (8.0_152-b01) (build 1.8.0_152-release-1024-b01)
# Java VM: OpenJDK 64-Bit Server VM (25.152-b01 mixed mode linux-amd64 compressed oops)
Heap:
 PSYoungGen      total 262144K, used 96993K [0x00000000e0000000, 0x00000000f2100000, 0x0000000100000000)
  eden space 244224K, 32% used [0x00000000e0000000,0x00000000e4d3a9f8,0x00000000eee80000)
  from space 17920K, 99% used [0x00000000f0700000,0x00000000f187dbe8,0x00000000f1880000)
  to   space 25088K, 92% used [0x00000000eee80000,0x00000000f0527c60,0x00000000f0700000)
 ParOldGen       total 104448K, used 29269K [0x00000000a0000000, 0x00000000a6600000, 0x00000000e0000000)
  object space 104448K, 28% used [0x00000000a0000000,0x00000000a1c957e8,0x00000000a6600000)
 Metaspace       used 56836K, capacity 58866K, committed 59028K, reserved 1099776K
  class space    used 7797K, capacity 8346K, committed 8448K, reserved 1048576K
GC Heap History (10 events):
Event: 6.924 GC heap after
Heap after GC invocations=6 (full 1):
 PSYoungGen      total 132096K, used 5088K [0x00000000e0000000, 0x00000000ed800000, 0x0000000100000000)
  eden space 126976K, 0% used [0x00000000e0000000,0x00000000e0000000,0x00000000e7c00000)
  from space 5120K, 99% used [0x00000000e7c00000,0x00000000e80f8020,0x00000000e8100000)
  to   space 14848K, 0% used [0x00000000ec980000,0x00000000ec980000,0x00000000ed800000)
 ParOldGen       total 61952K, used 16550K [0x00000000a0000000, 0x00000000a3c80000, 0x00000000e0000000)
  object space 61952K, 26% used [0x00000000a0000000,0x00000000a1029a48,0x00000000a3c80000)
 Metaspace       used 29788K, capacity 30410K, committed 30592K, reserved 1075200K
  class space    used 4215K, capacity 4416K, committed 4480K, reserved 1048576K
}
Event: 8.023 GC heap before
{Heap before GC invocations=7 (full 1):
 PSYoungGen      total 132096K, used 47196K [0x00000000e0000000, 0x00000000ed800000, 0x0000000100000000)
  eden space 126976K, 33% used [0x00000000e0000000,0x00000000e291f270,0x00000000e7c00000)
  from space 5120K, 99% used [0x00000000e7c00000,0x00000000e80f8020,0x00000000e8100000)
  to   space 14848K, 0% used [0x00000000ec980000,0x00000000ec980000,0x00000000ed800000)
 ParOldGen       total 61952K, used 16550K [0x00000000a0000000, 0x00000000a3c80000, 0x00000000e0000000)
  object space 61952K, 26% used [0x00000000a0000000,0x00000000a1029a48,0x00000000a3c80000)
 Metaspace       used 34504K, capacity 35244K, committed 35416K, reserved 1079296K
  class space    used 4842K, capacity 5095K, committed 5120K, reserved 1048576K
Event: 8.040 GC heap after
Heap after GC invocations=7 (full 1):
 PSYoungGen      total 200192K, used 9977K [0x00000000e0000000, 0x00000000ed500000, 0x0000000100000000)
  eden space 188416K, 0% used [0x00000000e0000000,0x00000000e0000000,0x00000000eb800000)
  from space 11776K, 84% used [0x00000000ec980000,0x00000000ed33e6f8,0x00000000ed500000)
  to   space 14848K, 0% used [0x00000000eb800000,0x00000000eb800000,0x00000000ec680000)
 ParOldGen       total 61952K, used 16558K [0x00000000a0000000, 0x00000000a3c80000, 0x00000000e0000000)
  object space 61952K, 26% used [0x00000000a0000000,0x00000000a102ba48,0x00000000a3c80000)
 Metaspace       used 34504K, capacity 35244K, committed 35416K, reserved 1079296K
  class space    used 4842K, capacity 5095K, committed 5120K, reserved 1048576K
}
Event: 8.040 GC heap before
{Heap before GC invocations=8 (full 2):
 PSYoungGen      total 200192K, used 9977K [0x00000000e0000000, 0x00000000ed500000, 0x0000000100000000)
  eden space 188416K, 0% used [0x00000000e0000000,0x00000000e0000000,0x00000000eb800000)
  from space 11776K, 84% used [0x00000000ec980000,0x00000000ed33e6f8,0x00000000ed500000)
  to   space 14848K, 0% used [0x00000000eb800000,0x00000000eb800000,0x00000000ec680000)
 ParOldGen       total 61952K, used 16558K [0x00000000a0000000, 0x00000000a3c80000, 0x00000000e0000000)
  object space 61952K, 26% used [0x00000000a0000000,0x00000000a102ba48,0x00000000a3c80000)
 Metaspace       used 34504K, capacity 35244K, committed 35416K, reserved 1079296K
  class space    used 4842K, capacity 5095K, committed 5120K, reserved 1048576K
Event: 8.212 GC heap after
Heap after GC invocations=8 (full 2):
 PSYoungGen      total 200192K, used 0K [0x00000000e0000000, 0x00000000ed500000, 0x0000000100000000)
  eden space 188416K, 0% used [0x00000000e0000000,0x00000000e0000000,0x00000000eb800000)
  from space 11776K, 0% used [0x00000000ec980000,0x00000000ec980000,0x00000000ed500000)
  to   space 14848K, 0% used [0x00000000eb800000,0x00000000eb800000,0x00000000ec680000)
 ParOldGen       total 104448K, used 17704K [0x00000000a0000000, 0x00000000a6600000, 0x00000000e0000000)
  object space 104448K, 16% used [0x00000000a0000000,0x00000000a114a088,0x00000000a6600000)
 Metaspace       used 34504K, capacity 35244K, committed 35416K, reserved 1079296K
  class space    used 4842K, capacity 5095K, committed 5120K, reserved 1048576K
}
Event: 11.735 GC heap before
{Heap before GC invocations=9 (full 2):
 PSYoungGen      total 200192K, used 188416K [0x00000000e0000000, 0x00000000ed500000, 0x0000000100000000)
  eden space 188416K, 100% used [0x00000000e0000000,0x00000000eb800000,0x00000000eb800000)
  from space 11776K, 0% used [0x00000000ec980000,0x00000000ec980000,0x00000000ed500000)
  to   space 14848K, 0% used [0x00000000eb800000,0x00000000eb800000,0x00000000ec680000)
 ParOldGen       total 104448K, used 17704K [0x00000000a0000000, 0x00000000a6600000, 0x00000000e0000000)
  object space 104448K, 16% used [0x00000000a0000000,0x00000000a114a088,0x00000000a6600000)
 Metaspace       used 46682K, capacity 47806K, committed 48000K, reserved 1091584K
  class space    used 6388K, capacity 6713K, committed 6784K, reserved 1048576K
Event: 11.754 GC heap after
Heap after GC invocations=9 (full 2):
 PSYoungGen      total 203264K, used 14841K [0x00000000e0000000, 0x00000000f1880000, 0x0000000100000000)
  eden space 188416K, 0% used [0x00000000e0000000,0x00000000e0000000,0x00000000eb800000)
  from space 14848K, 99% used [0x00000000eb800000,0x00000000ec67e748,0x00000000ec680000)
  to   space 17920K, 0% used [0x00000000f0700000,0x00000000f0700000,0x00000000f1880000)
 ParOldGen       total 104448K, used 19358K [0x00000000a0000000, 0x00000000a6600000, 0x00000000e0000000)
  object space 104448K, 18% used [0x00000000a0000000,0x00000000a12e7a38,0x00000000a6600000)
 Metaspace       used 46682K, capacity 47806K, committed 48000K, reserved 1091584K
  class space    used 6388K, capacity 6713K, committed 6784K, reserved 1048576K
}
Event: 18.369 GC heap before
{Heap before GC invocations=10 (full 2):
 PSYoungGen      total 203264K, used 203257K [0x00000000e0000000, 0x00000000f1880000, 0x0000000100000000)
  eden space 188416K, 100% used [0x00000000e0000000,0x00000000eb800000,0x00000000eb800000)
  from space 14848K, 99% used [0x00000000eb800000,0x00000000ec67e748,0x00000000ec680000)
  to   space 17920K, 0% used [0x00000000f0700000,0x00000000f0700000,0x00000000f1880000)
 ParOldGen       total 104448K, used 19358K [0x00000000a0000000, 0x00000000a6600000, 0x00000000e0000000)
  object space 104448K, 18% used [0x00000000a0000000,0x00000000a12e7a38,0x00000000a6600000)
 Metaspace       used 53833K, capacity 55638K, committed 55808K, reserved 1097728K
  class space    used 7456K, capacity 7875K, committed 7936K, reserved 1048576K
Event: 18.426 GC heap after
Heap after GC invocations=10 (full 2):
 PSYoungGen      total 262144K, used 17910K [0x00000000e0000000, 0x00000000f2100000, 0x0000000100000000)
  eden space 244224K, 0% used [0x00000000e0000000,0x00000000e0000000,0x00000000eee80000)
  from space 17920K, 99% used [0x00000000f0700000,0x00000000f187dbe8,0x00000000f1880000)
  to   space 25088K, 0% used [0x00000000eee80000,0x00000000eee80000,0x00000000f0700000)
 ParOldGen       total 104448K, used 29197K [0x00000000a0000000, 0x00000000a6600000, 0x00000000e0000000)
  object space 104448K, 27% used [0x00000000a0000000,0x00000000a1c837d8,0x00000000a6600000)
 Metaspace       used 53833K, capacity 55638K, committed 55808K, reserved 1097728K
  class space    used 7456K, capacity 7875K, committed 7936K, reserved 1048576K
}
Event: 20.793 GC heap before
{Heap before GC invocations=11 (full 2):
 PSYoungGen      total 262144K, used 96993K [0x00000000e0000000, 0x00000000f2100000, 0x0000000100000000)
  eden space 244224K, 32% used [0x00000000e0000000,0x00000000e4d3a9f8,0x00000000eee80000)
  from space 17920K, 99% used [0x00000000f0700000,0x00000000f187dbe8,0x00000000f1880000)
  to   space 25088K, 0% used [0x00000000eee80000,0x00000000eee80000,0x00000000f0700000)
 ParOldGen       total 104448K, used 29197K [0x00000000a0000000, 0x00000000a6600000, 0x00000000e0000000)
  object space 104448K, 27% used [0x00000000a0000000,0x00000000a1c837d8,0x00000000a6600000)
 Metaspace       used 56836K, capacity 58866K, committed 59028K, reserved 1099776K
  class space    used 7797K, capacity 8346K, committed 8448K, reserved 1048576K

