# JRE version: OpenJDK Runtime Environment (8.0_152-b01) (build 1.8.0_152-release-1024-b01)
# Java VM: OpenJDK 64-Bit Server VM (25.152-b01 mixed mode linux-amd64 compressed oops)
Heap:
 PSYoungGen      total 120320K, used 103869K [0x00000000e0000000, 0x00000000ea980000, 0x0000000100000000)
  eden space 104448K, 84% used [0x00000000e0000000,0x00000000e55f6ca8,0x00000000e6600000)
  from space 15872K, 99% used [0x00000000e6600000,0x00000000e7578928,0x00000000e7580000)
  to   space 20480K, 0% used [0x00000000e9580000,0x00000000e9580000,0x00000000ea980000)
 ParOldGen       total 96256K, used 23453K [0x00000000a0000000, 0x00000000a5e00000, 0x00000000e0000000)
  object space 96256K, 24% used [0x00000000a0000000,0x00000000a16e74b0,0x00000000a5e00000)
 Metaspace       used 55200K, capacity 56990K, committed 57088K, reserved 1097728K
  class space    used 7638K, capacity 8126K, committed 8192K, reserved 1048576K
GC Heap History (10 events):
Event: 12.607 GC heap before
{Heap before GC invocations=11 (full 2):
 PSYoungGen      total 80384K, used 10767K [0x00000000e0000000, 0x00000000e6c80000, 0x0000000100000000)
  eden space 69120K, 0% used [0x00000000e0000000,0x00000000e0000000,0x00000000e4380000)
  from space 11264K, 95% used [0x00000000e4380000,0x00000000e4e03c88,0x00000000e4e80000)
  to   space 12288K, 0% used [0x00000000e6080000,0x00000000e6080000,0x00000000e6c80000)
 ParOldGen       total 59392K, used 8297K [0x00000000a0000000, 0x00000000a3a00000, 0x00000000e0000000)
  object space 59392K, 13% used [0x00000000a0000000,0x00000000a081a6e8,0x00000000a3a00000)
 Metaspace       used 34437K, capacity 35232K, committed 35416K, reserved 1079296K
  class space    used 4836K, capacity 5095K, committed 5120K, reserved 1048576K
Event: 12.725 GC heap after
Heap after GC invocations=11 (full 2):
 PSYoungGen      total 80384K, used 0K [0x00000000e0000000, 0x00000000e6c80000, 0x0000000100000000)
  eden space 69120K, 0% used [0x00000000e0000000,0x00000000e0000000,0x00000000e4380000)
  from space 11264K, 0% used [0x00000000e4380000,0x00000000e4380000,0x00000000e4e80000)
  to   space 12288K, 0% used [0x00000000e6080000,0x00000000e6080000,0x00000000e6c80000)
 ParOldGen       total 96256K, used 17250K [0x00000000a0000000, 0x00000000a5e00000, 0x00000000e0000000)
  object space 96256K, 17% used [0x00000000a0000000,0x00000000a10d8ac8,0x00000000a5e00000)
 Metaspace       used 34437K, capacity 35232K, committed 35416K, reserved 1079296K
  class space    used 4836K, capacity 5095K, committed 5120K, reserved 1048576K
}
Event: 14.144 GC heap before
{Heap before GC invocations=12 (full 2):
 PSYoungGen      total 80384K, used 69120K [0x00000000e0000000, 0x00000000e6c80000, 0x0000000100000000)
  eden space 69120K, 100% used [0x00000000e0000000,0x00000000e4380000,0x00000000e4380000)
  from space 11264K, 0% used [0x00000000e4380000,0x00000000e4380000,0x00000000e4e80000)
  to   space 12288K, 0% used [0x00000000e6080000,0x00000000e6080000,0x00000000e6c80000)
 ParOldGen       total 96256K, used 17250K [0x00000000a0000000, 0x00000000a5e00000, 0x00000000e0000000)
  object space 96256K, 17% used [0x00000000a0000000,0x00000000a10d8ac8,0x00000000a5e00000)
 Metaspace       used 38456K, capacity 39366K, committed 39680K, reserved 1083392K
  class space    used 5300K, capacity 5598K, committed 5632K, reserved 1048576K
Event: 14.156 GC heap after
Heap after GC invocations=12 (full 2):
 PSYoungGen      total 97792K, used 9090K [0x00000000e0000000, 0x00000000e6c80000, 0x0000000100000000)
  eden space 85504K, 0% used [0x00000000e0000000,0x00000000e0000000,0x00000000e5380000)
  from space 12288K, 73% used [0x00000000e6080000,0x00000000e6960bd0,0x00000000e6c80000)
  to   space 12800K, 0% used [0x00000000e5380000,0x00000000e5380000,0x00000000e6000000)
 ParOldGen       total 96256K, used 17258K [0x00000000a0000000, 0x00000000a5e00000, 0x00000000e0000000)
  object space 96256K, 17% used [0x00000000a0000000,0x00000000a10daac8,0x00000000a5e00000)
 Metaspace       used 38456K, capacity 39366K, committed 39680K, reserved 1083392K
  class space    used 5300K, capacity 5598K, committed 5632K, reserved 1048576K
}
Event: 16.296 GC heap before
{Heap before GC invocations=13 (full 2):
 PSYoungGen      total 97792K, used 94594K [0x00000000e0000000, 0x00000000e6c80000, 0x0000000100000000)
  eden space 85504K, 100% used [0x00000000e0000000,0x00000000e5380000,0x00000000e5380000)
  from space 12288K, 73% used [0x00000000e6080000,0x00000000e6960bd0,0x00000000e6c80000)
  to   space 12800K, 0% used [0x00000000e5380000,0x00000000e5380000,0x00000000e6000000)
 ParOldGen       total 96256K, used 17258K [0x00000000a0000000, 0x00000000a5e00000, 0x00000000e0000000)
  object space 96256K, 17% used [0x00000000a0000000,0x00000000a10daac8,0x00000000a5e00000)
 Metaspace       used 43573K, capacity 44704K, committed 44928K, reserved 1087488K
  class space    used 6054K, capacity 6404K, committed 6528K, reserved 1048576K
Event: 16.317 GC heap after
Heap after GC invocations=13 (full 2):
 PSYoungGen      total 98304K, used 12276K [0x00000000e0000000, 0x00000000e8380000, 0x0000000100000000)
  eden space 85504K, 0% used [0x00000000e0000000,0x00000000e0000000,0x00000000e5380000)
  from space 12800K, 95% used [0x00000000e5380000,0x00000000e5f7d108,0x00000000e6000000)
  to   space 14336K, 0% used [0x00000000e7580000,0x00000000e7580000,0x00000000e8380000)
 ParOldGen       total 96256K, used 17266K [0x00000000a0000000, 0x00000000a5e00000, 0x00000000e0000000)
  object space 96256K, 17% used [0x00000000a0000000,0x00000000a10dcac8,0x00000000a5e00000)
 Metaspace       used 43573K, capacity 44704K, committed 44928K, reserved 1087488K
  class space    used 6054K, capacity 6404K, committed 6528K, reserved 1048576K
}
Event: 18.380 GC heap before
{Heap before GC invocations=14 (full 2):
 PSYoungGen      total 98304K, used 97780K [0x00000000e0000000, 0x00000000e8380000, 0x0000000100000000)
  eden space 85504K, 100% used [0x00000000e0000000,0x00000000e5380000,0x00000000e5380000)
  from space 12800K, 95% used [0x00000000e5380000,0x00000000e5f7d108,0x00000000e6000000)
  to   space 14336K, 0% used [0x00000000e7580000,0x00000000e7580000,0x00000000e8380000)
 ParOldGen       total 96256K, used 17266K [0x00000000a0000000, 0x00000000a5e00000, 0x00000000e0000000)
  object space 96256K, 17% used [0x00000000a0000000,0x00000000a10dcac8,0x00000000a5e00000)
 Metaspace       used 50115K, capacity 51640K, committed 51840K, reserved 1093632K
  class space    used 6888K, capacity 7284K, committed 7296K, reserved 1048576K
Event: 18.401 GC heap after
Heap after GC invocations=14 (full 2):
 PSYoungGen      total 118784K, used 14295K [0x00000000e0000000, 0x00000000e8700000, 0x0000000100000000)
  eden space 104448K, 0% used [0x00000000e0000000,0x00000000e0000000,0x00000000e6600000)
  from space 14336K, 99% used [0x00000000e7580000,0x00000000e8375c20,0x00000000e8380000)
  to   space 15872K, 0% used [0x00000000e6600000,0x00000000e6600000,0x00000000e7580000)
 ParOldGen       total 96256K, used 17266K [0x00000000a0000000, 0x00000000a5e00000, 0x00000000e0000000)
  object space 96256K, 17% used [0x00000000a0000000,0x00000000a10dcac8,0x00000000a5e00000)
 Metaspace       used 50115K, capacity 51640K, committed 51840K, reserved 1093632K
  class space    used 6888K, capacity 7284K, committed 7296K, reserved 1048576K
}
Event: 20.412 GC heap before
{Heap before GC invocations=15 (full 2):
 PSYoungGen      total 118784K, used 118743K [0x00000000e0000000, 0x00000000e8700000, 0x0000000100000000)
  eden space 104448K, 100% used [0x00000000e0000000,0x00000000e6600000,0x00000000e6600000)
  from space 14336K, 99% used [0x00000000e7580000,0x00000000e8375c20,0x00000000e8380000)
  to   space 15872K, 0% used [0x00000000e6600000,0x00000000e6600000,0x00000000e7580000)
 ParOldGen       total 96256K, used 17266K [0x00000000a0000000, 0x00000000a5e00000, 0x00000000e0000000)
  object space 96256K, 17% used [0x00000000a0000000,0x00000000a10dcac8,0x00000000a5e00000)
 Metaspace       used 53737K, capacity 55516K, committed 55552K, reserved 1097728K
  class space    used 7454K, capacity 7906K, committed 7936K, reserved 1048576K
Event: 20.449 GC heap after
Heap after GC invocations=15 (full 2):
 PSYoungGen      total 120320K, used 15842K [0x00000000e0000000, 0x00000000ea980000, 0x0000000100000000)
  eden space 104448K, 0% used [0x00000000e0000000,0x00000000e0000000,0x00000000e6600000)
  from space 15872K, 99% used [0x00000000e6600000,0x00000000e7578928,0x00000000e7580000)
  to   space 20480K, 0% used [0x00000000e9580000,0x00000000e9580000,0x00000000ea980000)
 ParOldGen       total 96256K, used 23453K [0x00000000a0000000, 0x00000000a5e00000, 0x00000000e0000000)
  object space 96256K, 24% used [0x00000000a0000000,0x00000000a16e74b0,0x00000000a5e00000)
 Metaspace       used 53737K, capacity 55516K, committed 55552K, reserved 1097728K
  class space    used 7454K, capacity 7906K, committed 7936K, reserved 1048576K
}

